<?xml version="1.0" encoding="UTF-8"?>
<!-- Generated by org.testng.reporters.JUnitReportReporter -->
<testsuite hostname="LAPTOP-JARN4I3E" failures="0" tests="1" name="com.Simplilearn.TestingMedicareWebApplication.Testcases$testcase007" time="19.720" errors="0" timestamp="2023-09-11T17:29:27 IST" skipped="0">
  <testcase classname="com.Simplilearn.TestingMedicareWebApplication.Testcases$testcase007" name="addtocart" time="19.720"/>
</testsuite> <!-- com.Simplilearn.TestingMedicareWebApplication.Testcases$testcase007 -->
